"../../../Engine/Content/EditorResources/S_Actor.uasset" 0
"../../../Engine/Content/EngineResources/AICON-Red.uasset" 1
"../../../Engine/Content/EngineResources/AICON-Green.uasset" 2
"../../../Engine/Content/EngineFonts/Roboto.uasset" 3
"../../../Engine/Content/Functions/Engine_MaterialFunctions01/Shading/PowerToRoughness.uasset" 4
"../../../Engine/Content/Functions/Engine_MaterialFunctions01/Shading/ConvertFromDiffSpec.uasset" 5
"../../../Engine/Content/EngineMaterials/DefaultDiffuse.uasset" 6
"../../../Engine/Content/EngineMaterials/DefaultDeferredDecalMaterial.uasset" 7
"../../../Engine/Content/EngineMaterials/DefaultLightFunctionMaterial.uasset" 8
"../../../Engine/Content/Functions/Engine_MaterialFunctions02/Utility/BreakOutFloat2Components.uasset" 9
"../../../Engine/Content/EngineMaterials/DefaultPostProcessMaterial.uasset" 10
"../../../Engine/Content/EngineResources/DefaultTexture.uasset" 11
"../../../Engine/Content/Functions/Engine_MaterialFunctions01/Texturing/ScaleUVsByCenter.uasset" 12
"../../../Engine/Content/Functions/Engine_MaterialFunctions02/ScreenResolution.uasset" 13
"../../../Engine/Content/Functions/Engine_MaterialFunctions02/Texturing/ScreenAlignedUVs.uasset" 14
"../../../Engine/Content/EngineResources/WhiteSquareTexture.uasset" 15
"../../../Engine/Content/EngineMaterials/Widget3DPassThrough.uasset" 16
"../../../Engine/Content/EngineMaterials/Widget3DPassThrough_Translucent.uasset" 17
"../../../Engine/Content/EngineMaterials/Widget3DPassThrough_Translucent_OneSided.uasset" 18
"../../../Engine/Content/EngineMaterials/Widget3DPassThrough_Opaque.uasset" 19
"../../../Engine/Content/EngineMaterials/Widget3DPassThrough_Opaque_OneSided.uasset" 20
"../../../Engine/Content/EngineMaterials/Widget3DPassThrough_Masked.uasset" 21
"../../../Engine/Content/EngineMaterials/Widget3DPassThrough_Masked_OneSided.uasset" 22
"../../../Engine/Content/Maps/Templates/Thumbnails/Default.uasset" 23
"../../../Engine/Content/Maps/Templates/Thumbnails/VR-Basic.uasset" 24
"../../../Engine/Content/EditorMaterials/ParticleSystems/PSysThumbnail_NoImage.uasset" 25
"../../../Engine/Content/EditorMaterials/ParticleSystems/PSysThumbnail_OOD.uasset" 26
"../../../Engine/Content/EditorLandscapeResources/DataLayer.uasset" 27
"../../../Engine/Content/EngineDamageTypes/DmgTypeBP_Environmental.uasset" 28
"../../../Engine/Content/EngineMeshes/Sphere.uasset" 29
"../../../Engine/Content/EngineFonts/RobotoDistanceField.uasset" 30
"../../../Engine/Content/EngineMaterials/DefaultTextMaterialOpaque.uasset" 31
"../../../Engine/Content/EditorResources/S_Trigger.uasset" 32
"../../../Engine/Content/EngineResources/GradientTexture0.uasset" 33
"../../../Engine/Content/EngineResources/Black.uasset" 34
"../../../Engine/Content/EditorMaterials/MatineeGroups/MAT_Groups_Float.uasset" 35
"../../../Engine/Content/EditorMaterials/MatineeGroups/MAT_Groups_Director.uasset" 36
"../../../Engine/Content/EditorMaterials/MatineeGroups/MAT_Groups_Event.uasset" 37
"../../../Engine/Content/EditorMaterials/MatineeGroups/MAT_Groups_Anim.uasset" 38
"../../../Engine/Content/EditorMaterials/MatineeGroups/MAT_Groups_Fade.uasset" 39
"../../../Engine/Content/EditorMaterials/MatineeGroups/MAT_Groups_Move.uasset" 40
"../../../Engine/Content/EditorMaterials/MatineeGroups/MAT_Groups_Slomo.uasset" 41
"../../../Engine/Content/EditorMaterials/MatineeGroups/MAT_ColorTrack.uasset" 42
"../../../Engine/Content/EditorMaterials/MAT_Groups_Toggle.uasset" 43
"../../../Engine/Content/EditorMaterials/MatineeGroups/MAT_Groups_AudioMaster.uasset" 44
"../../../Engine/Content/EditorMaterials/MatineeGroups/MAT_Groups_Sound.uasset" 45
"../../../Engine/Content/EditorMaterials/MatineeGroups/MAT_Groups_Vector.uasset" 46
"../../../Engine/Content/EditorMaterials/MAT_Groups_Visibility.uasset" 47
"../../../Engine/Content/EngineResources/DefaultTextureCube.uasset" 48
"../../../Engine/Content/Functions/Engine_MaterialFunctions01/Opacity/CameraDepthFade.uasset" 49
"../../../Engine/Content/EngineMaterials/T_Default_Material_Grid_M.uasset" 50
"../../../Engine/Content/EngineMaterials/T_Default_Material_Grid_N.uasset" 51
"../../../Engine/Content/EngineMaterials/DefaultMaterial.uasset" 52
"../../../Engine/Content/EngineMeshes/Cylinder.uasset" 53
"../../../Engine/Content/EngineTireTypes/DefaultTireType.uasset" 54
"../../../Engine/Content/EditorMaterials/Camera/CineMat.uasset" 55
"../../../Engine/Content/EditorMaterials/Camera/MI_CineMat_Rig.uasset" 56
"../../../Engine/Content/EditorMeshes/Camera/SM_CraneRig_Base.uasset" 57
"../../../Engine/Content/EditorMeshes/Camera/SM_CraneRig_Arm.uasset" 58
"../../../Engine/Content/EditorMeshes/Camera/SM_CraneRig_Mount.uasset" 59
"../../../Engine/Content/EditorMeshes/Camera/SM_CraneRig_Body.uasset" 60
"../../../Engine/Content/EditorMeshes/Camera/SM_RailRig_Track.uasset" 61
"../../../Engine/Content/EditorMeshes/Camera/SM_RailRig_Mount.uasset" 62
"../../../Engine/Content/VREditor/LaserPointer/VR_LaserPower_01.uasset" 63
"../../../Engine/Content/VREditor/TransformGizmo/TransformGizmoMaterial.uasset" 64
"../../../Engine/Content/VREditor/TransformGizmo/TranslucentTransformGizmoMaterial.uasset" 65
"../../../Engine/Content/VREditor/TransformGizmo/TranslationHandle.uasset" 66
"../../../Engine/Content/VREditor/TransformGizmo/PlaneTranslationHandle.uasset" 67
"../../../Engine/Content/VREditor/TransformGizmo/RotationHandle.uasset" 68
"../../../Engine/Content/VREditor/TransformGizmo/StretchingHandle.uasset" 69
"../../../Engine/Content/VREditor/TransformGizmo/BoundingBoxCorner.uasset" 70
"../../../Engine/Content/VREditor/TransformGizmo/BoundingBoxEdge.uasset" 71
"../../../Engine/Content/VREditor/TransformGizmo/UniformScaleHandle.uasset" 72
"../../../Engine/Content/VREditor/FloatingText/LineMaterial.uasset" 73
"../../../Engine/Content/VREditor/FloatingText/LineSegmentCylinder.uasset" 74
"../../../Engine/Content/VREditor/FloatingText/JointSphere.uasset" 75
"../../../Engine/Content/VREditor/Fonts/VRText_RobotoLarge.uasset" 76
"../../../Engine/Content/VREditor/Fonts/VRTextMaterial.uasset" 77
"../../../Engine/Content/VREditor/Fonts/TranslucentVRTextMaterial.uasset" 78
"../../../Engine/Content/VREditor/UI/SelectionBarMesh.uasset" 79
"../../../Engine/Content/VREditor/UI/CloseButtonMesh.uasset" 80
"../../../Engine/Content/Tutorial/Basics/LevelEditorAttract.uasset" 81
"../../../Engine/Content/Tutorial/Basics/TutorialAssets/icon_tab_Levels_40x.uasset" 82
"../../../Engine/Content/Tutorial/Basics/LevelEditorOverview.uasset" 83
"../../../Engine/Content/Tutorial/BlueprintTutorials/TutorialAssets/Blueprint_64x.uasset" 84
"../../../Engine/Content/Tutorial/BlueprintTutorials/LevelBlueprintEditorOverview.uasset" 85
"../../../Engine/Content/Tutorial/SubEditors/TutorialAssets/icon_ShowSkeletalMeshes_40x.uasset" 86
"../../../Engine/Content/Tutorial/SubEditors/PersonaWalkthrough.uasset" 87
"../../../Engine/Content/Tutorial/BlueprintTutorials/BlueprintEditorTutorial.uasset" 88
"../../../Engine/Content/Tutorial/ContentIntroCurve.uasset" 89
"../../../Engine/Plugins/2D/Paper2D/Content/PlaceholderTextures/DummySpriteTexture.uasset" 90
"../../../Engine/Plugins/2D/Paper2D/Content/DefaultSpriteMaterial.uasset" 91
"../../../Engine/Plugins/2D/Paper2D/Content/MaskedUnlitSpriteMaterial.uasset" 92
"../../../Engine/Plugins/2D/Paper2D/Content/OpaqueUnlitSpriteMaterial.uasset" 93
"../../../Engine/Plugins/2D/Paper2D/Content/DummySprite.uasset" 94
"../../../Engine/Plugins/2D/Paper2D/Content/DefaultPaperTerrainMaterial.uasset" 95
"../../../Engine/Content/EngineMaterials/RemoveSurfaceMaterial.uasset" 96
"../../../Engine/Content/EngineDebugMaterials/DebugMeshMaterial.uasset" 97
"../../../Engine/Content/EngineMaterials/InvalidLightmapSettings.uasset" 98
"../../../Engine/Content/EngineMaterials/M_InvalidLightmapSettings.uasset" 99
"../../../Engine/Content/EditorMaterials/GizmoMaterial.uasset" 100
"../../../Engine/Content/EngineMaterials/Good64x64TilingNoiseHighFreq.uasset" 101
"../../../Engine/Content/EngineMaterials/DefaultBokeh.uasset" 102
"../../../Engine/Content/EngineMaterials/PreintegratedSkinBRDF.uasset" 103
"../../../Engine/Content/EngineMaterials/MiniFont.uasset" 104
"../../../Engine/Content/EngineMaterials/WeightMapPlaceholderTexture.uasset" 105
"../../../Engine/Content/EngineMaterials/DefaultWhiteGrid.uasset" 106
"../../../Engine/Content/EngineMaterials/DefaultPhysicalMaterial.uasset" 107
"../../../Engine/Content/EngineFonts/RobotoTiny.uasset" 108
"../../../Engine/Content/EditorSounds/Notifications/CompileSuccess.uasset" 109
"../../../Engine/Content/EditorSounds/Notifications/CompileStart_Cue.uasset" 110
"../../../Engine/Content/EditorSounds/Notifications/CompileSuccess_Cue.uasset" 111
"../../../Engine/Content/EditorSounds/Notifications/CompileFailed.uasset" 112
"../../../Engine/Content/EditorSounds/Notifications/CompileFailed_Cue.uasset" 113
"../../../Engine/Content/MobileResources/HUD/MobileHUDButton1_on.uasset" 114
"../../../Engine/Content/MobileResources/HUD/MobileHUDDirectionPad2.uasset" 115
"../../../Engine/Content/MobileResources/HUD/MobileHUDButton1_off.uasset" 116
"../../../Engine/Content/MobileResources/HUD/MobileHUDDirectionPad3.uasset" 117
"../../../Engine/Content/MobileResources/HUD/MobileHUDButton2_on.uasset" 118
"../../../Engine/Content/MobileResources/HUD/T_Castle_ThumbstickOutter.uasset" 119
"../../../Engine/Content/MobileResources/HUD/VirtualJoystick_Background.uasset" 120
"../../../Engine/Content/MobileResources/HUD/VirtualJoystick_Thumb.uasset" 121
"../../../Engine/Content/MobileResources/HUD/LeftVirtualJoystickOnly.uasset" 122
"../../../Engine/Content/EditorResources/AudioIcons/S_AudioComponent_AutoActivate.uasset" 123
"../../../Engine/Content/EditorResources/EmptyActor.uasset" 124
"../../../Engine/Content/Functions/Engine_MaterialFunctions02/Fresnel_Function.uasset" 125
"../../../Engine/Content/MobileResources/HUD/MobileHUDButton2_off.uasset" 126
"../../../Engine/Content/MobileResources/HUD/T_Castle_ThumbstickInner.uasset" 127
"../../../Engine/Content/MobileResources/T_MobileMenu2.uasset" 128
"../../../Engine/Content/MobileResources/HUD/MobileHUDButtonFire.uasset" 129
"../../../Engine/Content/MobileResources/T_MobileControls_texture.uasset" 130
"../../../Engine/Content/MobileResources/HUD/AnalogHat.uasset" 131
"../../../Engine/Content/MobileResources/HUD/DefaultVirtualJoysticks.uasset" 132
"../../../Engine/Content/MobileResources/HUD/MobileHUDButton3.uasset" 133
"../../../Engine/Content/MobileResources/HUD/MobileHUDDirectionStick.uasset" 134
"../../../Engine/Content/MobileResources/HUD/MobileHUDDirectionPad.uasset" 135
"../../../Engine/Content/BasicShapes/Cone.uasset" 136
"../../../Engine/Content/EngineMaterials/WorldGridMaterial.uasset" 137
"../../../Engine/Content/BasicShapes/Cube.uasset" 138
"../../../Engine/Content/BasicShapes/Cylinder.uasset" 139
"../../../Engine/Content/BasicShapes/Sphere.uasset" 140
"../../../Engine/Content/EditorMaterials/PhAT_JointLimitMaterial.uasset" 141
"../../../Engine/Content/EditorMaterials/PreviewShadowIndicator.uasset" 142
"../../../Engine/Content/EditorMaterials/PreviewShadowIndicatorMaterial.uasset" 143
"../../../Engine/Content/EditorMeshes/ColorCalibrator/M_ChromeBall.uasset" 144
"../../../Engine/Content/EditorMeshes/ColorCalibrator/M_ClearCoat.uasset" 145
"../../../Engine/Content/EditorMeshes/ColorCalibrator/M_ClearCoatBlack.uasset" 146
"../../../Engine/Content/EditorMeshes/ColorCalibrator/T_ColorGrid.uasset" 147
"../../../Engine/Content/EditorMeshes/ColorCalibrator/M_ColorGrid.uasset" 148
"../../../Engine/Content/EditorMeshes/ColorCalibrator/M_GreyBall.uasset" 149
"../../../Engine/Content/EditorMeshes/ColorCalibrator/SM_ColorCalibrator.uasset" 150
"../../../Engine/Content/EditorResources/BSPVertex.uasset" 151
"../../../Engine/Content/EngineDebugMaterials/HeatmapGradient.uasset" 152
"../../../Engine/Content/EngineDebugMaterials/BoneWeightMaterial.uasset" 153
"../../../Engine/Content/EngineDebugMaterials/GeomMaterial.uasset" 154
"../../../Engine/Content/EngineMaterials/EditorBrushMaterial.uasset" 155
"../../../Engine/Content/Tutorial/BlueprintTutorials/TutorialAssets/BlueprintInterface_64x.uasset" 156
"../../../Engine/Content/Tutorial/BlueprintTutorials/BlueprintInterfacesEditorOverview.uasset" 157
"../../../Engine/Content/Tutorial/BlueprintTutorials/TutorialAssets/BlueprintMacroLibrary_64x.uasset" 158
"../../../Engine/Content/Tutorial/BlueprintTutorials/BlueprintMacroLibrariesEditorOverview.uasset" 159
"../../../Engine/Content/Tutorial/Foliage/TutorialAssets/Foliage.uasset" 160
"../../../Engine/Content/Tutorial/Foliage/Foliage_Intro_Tutorial.uasset" 161
"../../../Engine/Content/Tutorial/Paper2D/TutorialAssets/Paper2DFlipbook_TutorialIcon.uasset" 162
"../../../Engine/Content/Tutorial/Paper2D/FlipbookEditorTutorial.uasset" 163
"../../../Engine/Content/Tutorial/Paper2D/TutorialAssets/Paper2DSprite_TutorialIcon.uasset" 164
"../../../Engine/Content/Tutorial/Paper2D/SpriteEditorTutorial.uasset" 165
"../../../Engine/Content/Tutorial/SubEditors/DestructibleMeshEditorTutorial.uasset" 166
"../../../Engine/Content/Tutorial/SubEditors/MaterialEditorTutorial.uasset" 167
"../../../Engine/Content/Tutorial/SubEditors/ParticleSystemEditorTutorial.uasset" 168
"../../../Engine/Content/Tutorial/SubEditors/StaticMeshEditorTutorial.uasset" 169
"../../../Engine/Content/Tutorial/SubEditors/TutorialAssets/icon_Editor_Preferences_General_40x.uasset" 170
"../../../RealisticRendering/Content/ArchVis/IES/IES_FlashLight.uasset" 171
"../../../RealisticRendering/Content/ArchVis/Textures/T_RoundCeilingLight_AO.uasset" 172
"../../../RealisticRendering/Content/ArchVis/Textures/T_RoundCeilingLight_M.uasset" 173
"../../../RealisticRendering/Content/ArchVis/Textures/T_RoundCeilingLight_N.uasset" 174
"../../../RealisticRendering/Content/ArchVis/Materials/M_RoundCeilingLight_Mat.uasset" 175
"../../../RealisticRendering/Content/ArchVis/Materials/M_RoundCeilingLight_Mat_Inst.uasset" 176
"../../../RealisticRendering/Content/ArchVis/Materials/M_RoundCeilingLight_Mat_LIT_Inst.uasset" 177
"../../../RealisticRendering/Content/ArchVis/Materials/M_FlashLight_Mat_LIT_Inst.uasset" 178
"../../../RealisticRendering/Content/ArchVis/Mesh/SM_FlashLight.uasset" 179
"../../../Engine/Content/Functions/Engine_MaterialFunctions01/Gradient/LinearGradient.uasset" 180
"../../../Engine/Content/Functions/Engine_MaterialFunctions01/ImageAdjustment/CheapContrast.uasset" 181
"../../../Engine/Content/Functions/Engine_MaterialFunctions01/Texturing/WorldAlignedTexture.uasset" 182
"../../../Engine/Content/Functions/Engine_MaterialFunctions03/Procedurals/ObjectSpaceFalloff.uasset" 183
"../../../RealisticRendering/Content/ArchVis/Textures/T_DustParticles_M.uasset" 184
"../../../RealisticRendering/Content/ArchVis/Materials/M_LightCone_MAT.uasset" 185
"../../../RealisticRendering/Content/ArchVis/Materials/M_LightCone_MAT_Inst.uasset" 186
"../../../RealisticRendering/Content/ArchVis/Mesh/SM_FlashLight_LightCone.uasset" 187
"../../../RealisticRendering/Content/Blueprints/BP_FlashLight.uasset" 188
"../../../RealisticRendering/Content/Blueprints/TrafficMovingCarlights.uasset" 189
"../../../Engine/Content/EditorBlueprintResources/StandardMacros.uasset" 190
"../../../RealisticRendering/Content/Blueprints/FPS_Character.uasset" 191
"../../../RealisticRendering/Content/Blueprints/MyGame.uasset" 192
"../../../Engine/Content/Functions/Engine_MaterialFunctions02/Utility/BlendAngleCorrectedNormals.uasset" 193
"../../../RealisticRendering/Content/ArchVis/Textures/T_Frame_M.uasset" 194
"../../../RealisticRendering/Content/ArchVis/Textures/T_Frame_N.uasset" 195
"../../../RealisticRendering/Content/ArchVis/Textures/T_Paint_N.uasset" 196
"../../../RealisticRendering/Content/ArchVis/Textures/T_Painting4_D.uasset" 197
"../../../RealisticRendering/Content/ArchVis/Textures/T_Painting_D.uasset" 198
"../../../RealisticRendering/Content/ArchVis/Textures/T_Painting_N.uasset" 199
"../../../RealisticRendering/Content/ArchVis/Textures/T_Wood.uasset" 200
"../../../RealisticRendering/Content/ArchVis/Textures/T_Wood_S.uasset" 201
"../../../RealisticRendering/Content/ArchVis/Materials/M_Painting_3.uasset" 202
"../../../RealisticRendering/Content/ArchVis/Materials/M_Wire.uasset" 203
"../../../RealisticRendering/Content/ArchVis/Textures/T_Background_D.uasset" 204
"../../../RealisticRendering/Content/ArchVis/Materials/M_Background_Mat.uasset" 205
"../../../RealisticRendering/Content/ArchVis/Textures/T_Background_Night_D.uasset" 206
"../../../RealisticRendering/Content/ArchVis/Materials/M_Background_Night_Inst.uasset" 207
"../../../RealisticRendering/Content/ArchVis/Textures/T_Cloth_D.uasset" 208
"../../../RealisticRendering/Content/ArchVis/Textures/T_Cloth_N.uasset" 209
"../../../RealisticRendering/Content/ArchVis/Textures/T_Fabric_M.uasset" 210
"../../../RealisticRendering/Content/ArchVis/Textures/T_Fabric_N.uasset" 211
"../../../RealisticRendering/Content/ArchVis/Materials/M_Curtain_MAT.uasset" 212
"../../../RealisticRendering/Content/ArchVis/Materials/M_Curtain_MAT_White_Inst.uasset" 213
"../../../RealisticRendering/Content/ArchVis/Textures/T_FloorLamp_AO.uasset" 214
"../../../RealisticRendering/Content/ArchVis/Textures/T_FloorLamp_M.uasset" 215
"../../../RealisticRendering/Content/ArchVis/Textures/T_FloorLamp_N.uasset" 216
"../../../RealisticRendering/Content/ArchVis/Materials/M_FloorLamp_Mat.uasset" 217
"../../../RealisticRendering/Content/ArchVis/Materials/M_FloorLamp_Mat_Inst.uasset" 218
"../../../RealisticRendering/Content/ArchVis/Materials/M_FloorLamp_Mat_ON_Inst.uasset" 219
"../../../RealisticRendering/Content/ArchVis/Materials/M_FloorLamp_Mat_Flicker_Inst.uasset" 220
"../../../RealisticRendering/Content/ArchVis/Materials/M_FloorLamp_Mat_Inst2.uasset" 221
"../../../RealisticRendering/Content/ArchVis/Textures/T_CubeMap_Cube.uasset" 222
"../../../RealisticRendering/Content/ArchVis/Materials/M_Glas_MAt.uasset" 223
"../../../RealisticRendering/Content/ArchVis/Materials/M_Glas_MAT_Night_Inst.uasset" 224
"../../../RealisticRendering/Content/ArchVis/Materials/M_LightFunction_Flicker.uasset" 225
"../../../RealisticRendering/Content/ArchVis/Materials/M_LightFunction_Flicker_Inst.uasset" 226
"../../../RealisticRendering/Content/ArchVis/Textures/T_Mug_M.uasset" 227
"../../../RealisticRendering/Content/ArchVis/Textures/T_Mug_N.uasset" 228
"../../../RealisticRendering/Content/ArchVis/Textures/T_MugLogo_D.uasset" 229
"../../../RealisticRendering/Content/ArchVis/Materials/M_Mug.uasset" 230
"../../../RealisticRendering/Content/ArchVis/Materials/M_Mug_Inst.uasset" 231
"../../../RealisticRendering/Content/ArchVis/Textures/T_Painting2_D.uasset" 232
"../../../RealisticRendering/Content/ArchVis/Materials/M_Painting_2_Inst.uasset" 233
"../../../RealisticRendering/Content/ArchVis/Textures/T_Painting3_D.uasset" 234
"../../../RealisticRendering/Content/ArchVis/Materials/M_Painting_3_Inst.uasset" 235
"../../../RealisticRendering/Content/ArchVis/Textures/T_PlantBark_D.uasset" 236
"../../../RealisticRendering/Content/ArchVis/Materials/M_PlantBark_NoSSS_Mat.uasset" 237
"../../../RealisticRendering/Content/ArchVis/Materials/M_PlantBark_NoSSS_Mat_Inst.uasset" 238
"../../../RealisticRendering/Content/ArchVis/Textures/T_PlantLeaf_D.uasset" 239
"../../../RealisticRendering/Content/ArchVis/Textures/T_PlantLeaf_M.uasset" 240
"../../../RealisticRendering/Content/ArchVis/Textures/T_PlantLeaf_N.uasset" 241
"../../../RealisticRendering/Content/ArchVis/Materials/M_PlantLeaf_NoSSS_Mat.uasset" 242
"../../../RealisticRendering/Content/ArchVis/Materials/M_PlantLeaf_NOSSS_Mat_Inst.uasset" 243
"../../../RealisticRendering/Content/ArchVis/Textures/T_StoneMix_D.uasset" 244
"../../../RealisticRendering/Content/ArchVis/Textures/T_StoneMix_N.uasset" 245
"../../../RealisticRendering/Content/ArchVis/Textures/T_Tiles_M.uasset" 246
"../../../RealisticRendering/Content/ArchVis/Textures/T_Tiles_N.uasset" 247
"../../../RealisticRendering/Content/ArchVis/Materials/M_Tiles_Mat.uasset" 248
"../../../RealisticRendering/Content/ArchVis/Materials/M_Tiles_Mat_Inst.uasset" 249
"../../../RealisticRendering/Content/ArchVis/Textures/T_PaintedWall_N.uasset" 250
"../../../RealisticRendering/Content/ArchVis/Materials/M_WallPainExterior_MAT.uasset" 251
"../../../RealisticRendering/Content/ArchVis/Materials/M_WallPainExterior_MAT_Inst.uasset" 252
"../../../RealisticRendering/Content/ArchVis/Textures/T_Couch_AO.uasset" 253
"../../../RealisticRendering/Content/ArchVis/Textures/T_Couch_Mask.uasset" 254
"../../../RealisticRendering/Content/ArchVis/Textures/T_Couch_N.uasset" 255
"../../../RealisticRendering/Content/ArchVis/Textures/T_Leather_D.uasset" 256
"../../../RealisticRendering/Content/ArchVis/Textures/T_Leather_N.uasset" 257
"../../../RealisticRendering/Content/ArchVis/Textures/T_Leather_S.uasset" 258
"../../../RealisticRendering/Content/ArchVis/Materials/M_Couch_NOSSS_Mat.uasset" 259
"../../../RealisticRendering/Content/ArchVis/Materials/MI_Couch_NOSSS_Mat_Inst.uasset" 260
"../../../Engine/Content/EngineLightProfiles/Complex_IES.uasset" 261
"../../../RealisticRendering/Content/ArchVis/Textures/book_normals.uasset" 262
"../../../RealisticRendering/Content/ArchVis/Textures/book_occlusion.uasset" 263
"../../../RealisticRendering/Content/ArchVis/Materials/M_Book_Mat.uasset" 264
"../../../RealisticRendering/Content/ArchVis/Materials/M_Book_Mat_Inst.uasset" 265
"../../../RealisticRendering/Content/ArchVis/Mesh/BookLP.uasset" 266
"../../../RealisticRendering/Content/ArchVis/Textures/T_Coathook_M.uasset" 267
"../../../RealisticRendering/Content/ArchVis/Textures/T_CoatHook_N.uasset" 268
"../../../RealisticRendering/Content/ArchVis/Materials/M_Coathook.uasset" 269
"../../../RealisticRendering/Content/ArchVis/Mesh/CoatHook.uasset" 270
"../../../RealisticRendering/Content/ArchVis/Textures/T_CoatHookBack_M.uasset" 271
"../../../RealisticRendering/Content/ArchVis/Materials/M_CoathookBack.uasset" 272
"../../../RealisticRendering/Content/ArchVis/Mesh/CoatHookBacking.uasset" 273
"../../../RealisticRendering/Content/ArchVis/Mesh/Mug.uasset" 274
"../../../RealisticRendering/Content/ArchVis/Textures/T_Plug_N.uasset" 275
"../../../RealisticRendering/Content/ArchVis/Materials/M_Plug.uasset" 276
"../../../RealisticRendering/Content/ArchVis/Mesh/Plug.uasset" 277
"../../../Engine/Content/Functions/Engine_MaterialFunctions02/Utility/Swizzle.uasset" 278
"../../../RealisticRendering/Content/ArchVis/Textures/T_DustnScratches_M.uasset" 279
"../../../RealisticRendering/Content/ArchVis/Textures/T_DustnScratches_N.uasset" 280
"../../../RealisticRendering/Content/ArchVis/Textures/T_WoodFloor_AO.uasset" 281
"../../../RealisticRendering/Content/ArchVis/Textures/T_WoodFloor_N.uasset" 282
"../../../RealisticRendering/Content/ArchVis/Materials/M_WoodFloor_MAT.uasset" 283
"../../../RealisticRendering/Content/ArchVis/Materials/M_WoodFloor_MAT_Inst.uasset" 284
"../../../RealisticRendering/Content/ArchVis/Mesh/S_Trim_Floor.uasset" 285
"../../../RealisticRendering/Content/ArchVis/Mesh/SM_Background.uasset" 286
"../../../RealisticRendering/Content/ArchVis/Materials/M_WallPainInterior_MAT.uasset" 287
"../../../RealisticRendering/Content/ArchVis/Materials/M_WallPainInterior_MAT_Inst.uasset" 288
"../../../RealisticRendering/Content/ArchVis/Mesh/SM_Balcony.uasset" 289
"../../../RealisticRendering/Content/ArchVis/Materials/M_Black_MAT.uasset" 290
"../../../RealisticRendering/Content/ArchVis/Mesh/SM_BlackBox.uasset" 291
"../../../RealisticRendering/Content/ArchVis/Mesh/SM_BlackBox_Hole.uasset" 292
"../../../RealisticRendering/Content/ArchVis/Materials/M_Ceramic_Mat.uasset" 293
"../../../RealisticRendering/Content/ArchVis/Materials/M_Ceramic_Mat_Inst.uasset" 294
"../../../RealisticRendering/Content/ArchVis/Mesh/SM_Bowl.uasset" 295
"../../../RealisticRendering/Content/ArchVis/Textures/T_Carpet_D.uasset" 296
"../../../RealisticRendering/Content/ArchVis/Textures/T_Carpet_M.uasset" 297
"../../../RealisticRendering/Content/ArchVis/Textures/T_Carpet_N.uasset" 298
"../../../RealisticRendering/Content/ArchVis/Materials/M_Carptet_Mat.uasset" 299
"../../../RealisticRendering/Content/ArchVis/Materials/MI_Carptet_Mat_Inst.uasset" 300
"../../../RealisticRendering/Content/ArchVis/Mesh/SM_Carpet.uasset" 301
"../../../RealisticRendering/Content/ArchVis/Mesh/SM_CeilingPiece.uasset" 302
"../../../RealisticRendering/Content/ArchVis/Textures/T_Table_AOMASK.uasset" 303
"../../../RealisticRendering/Content/ArchVis/Textures/T_Table_M.uasset" 304
"../../../RealisticRendering/Content/ArchVis/Textures/T_Table_N.uasset" 305
"../../../RealisticRendering/Content/ArchVis/Materials/M_CoffeTable_MAT.uasset" 306
"../../../RealisticRendering/Content/ArchVis/Materials/M_CoffeTable_MAT_Inst.uasset" 307
"../../../RealisticRendering/Content/ArchVis/Mesh/SM_CoffeeTable.uasset" 308
"../../../RealisticRendering/Content/ArchVis/Mesh/SM_Couch.uasset" 309
"../../../RealisticRendering/Content/ArchVis/Mesh/SM_Couch_1seat.uasset" 310
"../../../RealisticRendering/Content/ArchVis/Materials/M_Curtain_MAT_Inst.uasset" 311
"../../../RealisticRendering/Content/ArchVis/Mesh/SM_Curtain.uasset" 312
"../../../RealisticRendering/Content/ArchVis/Textures/T_Anisotrophic_M.uasset" 313
"../../../RealisticRendering/Content/ArchVis/Textures/T_Anisotrophic_N.uasset" 314
"../../../RealisticRendering/Content/ArchVis/Textures/T_DeskLamp_N.uasset" 315
"../../../RealisticRendering/Content/ArchVis/Materials/M_DeskLamp_Mat.uasset" 316
"../../../RealisticRendering/Content/ArchVis/Materials/M_DeskLamp_Mat_Inst.uasset" 317
"../../../RealisticRendering/Content/ArchVis/Mesh/SM_DeskLamp.uasset" 318
"../../../RealisticRendering/Content/ArchVis/Textures/T_Door_AOMask.uasset" 319
"../../../RealisticRendering/Content/ArchVis/Textures/T_Door_M.uasset" 320
"../../../RealisticRendering/Content/ArchVis/Textures/T_Door_N.uasset" 321
"../../../RealisticRendering/Content/ArchVis/Materials/M_Door_MAT.uasset" 322
"../../../RealisticRendering/Content/ArchVis/Materials/M_Door_MAT_Inst.uasset" 323
"../../../RealisticRendering/Content/ArchVis/Mesh/SM_Door.uasset" 324
"../../../RealisticRendering/Content/ArchVis/Mesh/SM_FloorLamp.uasset" 325
"../../../RealisticRendering/Content/ArchVis/Mesh/SM_FloorPiece.uasset" 326
"../../../RealisticRendering/Content/ArchVis/Materials/M_Painting_1.uasset" 327
"../../../RealisticRendering/Content/ArchVis/Mesh/SM_Frame_1.uasset" 328
"../../../RealisticRendering/Content/ArchVis/Materials/M_PlantBark_Mat.uasset" 329
"../../../RealisticRendering/Content/ArchVis/Materials/M_PlantBark_Mat_Inst.uasset" 330
"../../../RealisticRendering/Content/ArchVis/Materials/M_PlantLeaf_Mat.uasset" 331
"../../../RealisticRendering/Content/ArchVis/Materials/M_PlantLeaf_Mat_Inst.uasset" 332
"../../../RealisticRendering/Content/ArchVis/Textures/T_PlantPot_M.uasset" 333
"../../../RealisticRendering/Content/ArchVis/Textures/T_PlantPot_N.uasset" 334
"../../../RealisticRendering/Content/ArchVis/Textures/T_PlantSoil_D.uasset" 335
"../../../RealisticRendering/Content/ArchVis/Textures/T_PlantSoil_N.uasset" 336
"../../../RealisticRendering/Content/ArchVis/Materials/M_PlantPot_Mat.uasset" 337
"../../../RealisticRendering/Content/ArchVis/Materials/M_PlantPot_Mat_Inst.uasset" 338
"../../../RealisticRendering/Content/ArchVis/Mesh/SM_Plant.uasset" 339
"../../../RealisticRendering/Content/ArchVis/Textures/T_Galvanized_D.uasset" 340
"../../../RealisticRendering/Content/ArchVis/Textures/T_Galvanized_M.uasset" 341
"../../../RealisticRendering/Content/ArchVis/Textures/T_Galvanized_N.uasset" 342
"../../../RealisticRendering/Content/ArchVis/Textures/T_Railing_AOMASK.uasset" 343
"../../../RealisticRendering/Content/ArchVis/Textures/T_Railing_N.uasset" 344
"../../../RealisticRendering/Content/ArchVis/Materials/M_Railing_MAT.uasset" 345
"../../../RealisticRendering/Content/ArchVis/Materials/M_Railing_MAT_Inst.uasset" 346
"../../../RealisticRendering/Content/ArchVis/Mesh/SM_Railing.uasset" 347
"../../../RealisticRendering/Content/ArchVis/Mesh/SM_Room_OuterShell.uasset" 348
"../../../RealisticRendering/Content/ArchVis/Mesh/SM_RoundCeilingLight.uasset" 349
"../../../RealisticRendering/Content/ArchVis/Textures/T_Shelving_M.uasset" 350
"../../../RealisticRendering/Content/ArchVis/Textures/T_Shelving_N.uasset" 351
"../../../RealisticRendering/Content/ArchVis/Materials/M_Shelving.uasset" 352
"../../../RealisticRendering/Content/ArchVis/Materials/M_Shelving_Inst.uasset" 353
"../../../RealisticRendering/Content/ArchVis/Mesh/SM_Shelving.uasset" 354
"../../../RealisticRendering/Content/ArchVis/Materials/M_Glas_MAt_Inst.uasset" 355
"../../../RealisticRendering/Content/ArchVis/Textures/T_SlidingDoor_AOMask.uasset" 356
"../../../RealisticRendering/Content/ArchVis/Textures/T_SlidingDoor_M.uasset" 357
"../../../RealisticRendering/Content/ArchVis/Textures/T_SlidingDoor_N.uasset" 358
"../../../RealisticRendering/Content/ArchVis/Materials/M_SlidingDoor_Mat.uasset" 359
"../../../RealisticRendering/Content/ArchVis/Materials/M_SlidingDoor_Mat_Inst.uasset" 360
"../../../RealisticRendering/Content/ArchVis/Mesh/SM_SlidingDoors.uasset" 361
"../../../RealisticRendering/Content/ArchVis/Textures/T_Socket_M.uasset" 362
"../../../RealisticRendering/Content/ArchVis/Textures/T_Socket_N.uasset" 363
"../../../RealisticRendering/Content/ArchVis/Materials/M_Socket.uasset" 364
"../../../RealisticRendering/Content/ArchVis/Mesh/SM_Socket.uasset" 365
"../../../RealisticRendering/Content/ArchVis/Textures/T_TV_M.uasset" 366
"../../../RealisticRendering/Content/ArchVis/Textures/T_TV_M2.uasset" 367
"../../../RealisticRendering/Content/ArchVis/Textures/T_TV_N.uasset" 368
"../../../RealisticRendering/Content/ArchVis/Materials/M_TV.uasset" 369
"../../../RealisticRendering/Content/ArchVis/Materials/M_TV_Inst.uasset" 370
"../../../RealisticRendering/Content/ArchVis/Mesh/SM_TV.uasset" 371
"../../../RealisticRendering/Content/ArchVis/Mesh/SM_Vase_1.uasset" 372
"../../../RealisticRendering/Content/ArchVis/Mesh/SM_WallPiece1.uasset" 373
"../../../RealisticRendering/Content/ArchVis/Mesh/SM_WallPiece2.uasset" 374
"../../../RealisticRendering/Content/ArchVis/Mesh/SM_WallPiece3.uasset" 375
"../../../RealisticRendering/Content/ArchVis/Mesh/SM_WallPiece4.uasset" 376
"../../../RealisticRendering/Content/ArchVis/Mesh/SM_WallPiece5.uasset" 377
"../../../RealisticRendering/Content/ArchVis/Textures/T_Statue_M.uasset" 378
"../../../RealisticRendering/Content/ArchVis/Textures/T_Statue_N.uasset" 379
"../../../RealisticRendering/Content/ArchVis/Materials/M_Statue.uasset" 380
"../../../RealisticRendering/Content/ArchVis/Materials/M_Statue_Inst.uasset" 381
"../../../RealisticRendering/Content/ArchVis/Mesh/Statue.uasset" 382
"../../../RealisticRendering/Content/ArchVis/Mesh/Switch.uasset" 383
"../../../RealisticRendering/Content/ArchVis/Mesh/Wire1.uasset" 384
"../../../RealisticRendering/Content/Audio/Music/RealisticRender_MusicDark01.uasset" 385
"../../../RealisticRendering/Content/Maps/RoomNightNoLights.umap" 386
"../../../Engine/Content/EngineMaterials/DefaultNormal.uasset" 387
"../../../Engine/Content/Maps/Entry.umap" 388
"../../../RealisticRendering/Content/Audio/Sounds/92736__robinhood76__01522-swoosh-1_Cue.uasset" 389
"../../../RealisticRendering/Content/Audio/Sounds/correct_sound_from_youtube_com_watchv_lGzRJj39gB4_Cue.uasset" 390
"../../../RealisticRendering/Content/Audio/Sounds/incorrect_sound_from_youtube_com_v_0A8sI6c_daE.uasset" 391
"../../../RealisticRendering/Content/Blueprints/Explanation_UI.uasset" 392
"../../../RealisticRendering/Content/Blueprints/Finish_UI.uasset" 393
"../../../RealisticRendering/Content/Blueprints/Score_UI.uasset" 394
"../../../RealisticRendering/Content/Blueprints/BowlManager.uasset" 395
"../../../RealisticRendering/Content/Blueprints/Bowl.uasset" 396
"../../../RealisticRendering/Content/ArchVis/Materials/M_Background_dome.uasset" 397
"../../../RealisticRendering/Content/ExampleContent/Blueprint_Communication/Materials/M_Highlight.uasset" 398
"../../../RealisticRendering/Content/ArchVis/Materials/MI_Carptet_Mat_Inst2.uasset" 399
"../../../Engine/Content/MapTemplates/Sky/T_Sky_Stars.uasset" 400
"../../../Engine/Content/MapTemplates/Sky/T_UDK_Sky_CloudMask01_N.uasset" 401
"../../../Engine/Content/MapTemplates/T_UDK_Sky_CloudMask03.uasset" 402
"../../../Engine/Content/MapTemplates/Sky/M_Procedural_Sky_MASTER02.uasset" 403
"../../../Engine/Content/MapTemplates/Sky/SM_SkySphere.uasset" 404
"../../../RealisticRendering/Content/Maps/Room.umap" 405
"../../../RealisticRendering/Content/Audio/Music/RealisticRender_MusicNight01.uasset" 406
"../../../RealisticRendering/Content/Maps/RoomNight.umap" 407
